<?xml version="1.0" encoding="UTF-8"?>
<!-- Generated by org.testng.reporters.JUnitReportReporter -->
<testsuite hostname="Desktop-Wintest" failures="0" tests="6" name="com.uem_automation.qa.testcases.DeviceManagerWindowsTest" time="101.425" errors="0" timestamp="2024-11-28T12:16:43 IST" skipped="0">
  <testcase classname="com.uem_automation.qa.testcases.DeviceManagerWindowsTest" name="TC_DMW_001_Validate_users_able_to_view_the_settings_applied_on_the_group" time="15.106"/>
  <system-out/>
  <testcase classname="com.uem_automation.qa.testcases.DeviceManagerWindowsTest" name="TC_DMW_002_Validate_users_able_to_apply_execute_later_or_saved_task_on_the_group" time="21.318"/>
  <system-out/>
  <testcase classname="com.uem_automation.qa.testcases.DeviceManagerWindowsTest" name="TC_DMW_003_Validate_users_are_able_to_view_the_information_on_the_windows_os_profile_settings_defined_on_the_group" time="15.338"/>
  <system-out/>
  <testcase classname="com.uem_automation.qa.testcases.DeviceManagerWindowsTest" name="TC_DMW_004_Validate_users_are_able_to_view_the_information_on_the_linux_os_profile_settings_defined_on_the_group" time="15.261"/>
  <system-out/>
  <testcase classname="com.uem_automation.qa.testcases.DeviceManagerWindowsTest" name="TC_DMW_005_Validate_users_are_able_to_view_System_information_about_device_registered" time="17.153"/>
  <system-out/>
  <testcase classname="com.uem_automation.qa.testcases.DeviceManagerWindowsTest" name="TC_DMW_006_Validate_users_are_able_to_view_System_information_about_device_registerd" time="17.249"/>
  <system-out/>
</testsuite> <!-- com.uem_automation.qa.testcases.DeviceManagerWindowsTest -->
