<?xml version="1.0" encoding="UTF-8"?>
<!-- Generated by org.testng.reporters.JUnitReportReporter -->
<testsuite hostname="Desktop-Wintest" failures="0" tests="5" name="com.uem_automation.qa.testcases.DeviceManagerWindowsTest" time="75.234" errors="0" timestamp="2024-11-27T18:27:53 IST" skipped="0">
  <testcase classname="com.uem_automation.qa.testcases.DeviceManagerWindowsTest" name="TC_DMW_001_Validate_users_able_to_view_the_settings_applied_on_the_group" time="12.386"/>
  <testcase classname="com.uem_automation.qa.testcases.DeviceManagerWindowsTest" name="TC_DMW_002_Validate_users_able_to_apply_execute_later_or_saved_task_on_the_group" time="20.214"/>
  <testcase classname="com.uem_automation.qa.testcases.DeviceManagerWindowsTest" name="TC_DMW_003_Validate_users_are_able_to_view_the_information_on_the_windows_os_profile_settings_defined_on_the_group" time="13.511"/>
  <testcase classname="com.uem_automation.qa.testcases.DeviceManagerWindowsTest" name="TC_DMW_004_Validate_users_are_able_to_view_the_information_on_the_linux_os_profile_settings_defined_on_the_group" time="14.481"/>
  <testcase classname="com.uem_automation.qa.testcases.DeviceManagerWindowsTest" name="TC_DMW_005_Validate_users_are_able_to_view_System_information_about_device_registered" time="14.642"/>
</testsuite> <!-- com.uem_automation.qa.testcases.DeviceManagerWindowsTest -->
